   9.9999997764825821E-003  -3.33843137E+12
   1.9999999552965164E-002  -1.80111026E+13
   2.9999999329447746E-002  -2.13519853E+12
   3.9999999105930328E-002   5.58503874E+12
   5.0000000745058060E-002   5.04782651E+12
   5.9999998658895493E-002   2.68833967E+12
   7.0000000298023224E-002  -2.39320773E+12
   7.9999998211860657E-002   1.57350389E+12
   9.0000003576278687E-002   2.13169773E+12
  0.10000000149011612       -1.03431216E+12
  0.10999999940395355       -1.62987639E+12
  0.11999999731779099        7.27174742E+11
  0.12999999523162842        9.77673667E+10
  0.14000000059604645        5.40793635E+11
  0.15000000596046448       -1.62307342E+11
  0.15999999642372131       -4.19886825E+11
  0.17000000178813934        4.58795090E+11
  0.18000000715255737        3.31966317E+11
  0.18999999761581421       -2.37721108E+11
  0.20000000298023224        2.70360871E+11
  0.20999999344348907       -1.85377849E+11
  0.21999999880790710        2.24764707E+11
  0.23000000417232513        5.82086574E+10
  0.23999999463558197        1.89776396E+11
  0.25000000000000000        1.63792110E+11
  0.25999999046325684       -1.62660319E+11
  0.27000001072883606       -5.32360233E+10
  0.28000000119209290       -1.40238504E+11
  0.28999999165534973       -2.39861613E+11
  0.30000001192092896        1.22335068E+11
  0.31000000238418579        2.28914053E+11
  0.31999999284744263       -1.08084724E+11
  0.33000001311302185        1.50304195E+11
  0.34000000357627869        9.56352840E+10
  0.34999999403953552       -1.95887124E+10
  0.36000001430511475        8.53606154E+10
  0.37000000476837158        1.35195249E+10
  0.37999999523162842       -7.72267049E+10
  0.38999998569488525        642648640.    
  0.40000000596046448       -6.97065964E+10
  0.40999999642372131        6.67336663E+10
  0.41999998688697815       -6.33912484E+10
  0.43000000715255737        6.19392492E+10
  0.43999999761581421        5.75199805E+10
  0.44999998807907104       -1.07960500E+11
  0.46000000834465027        5.26136975E+10
  0.46999999880790710        4.36397752E+10
  0.47999998927116394        4.83917619E+10
  0.49000000953674316        7.06131558E+10
  0.50000000000000000       -4.48385434E+10
  0.50999999046325684       -7.89595259E+10
  0.51999998092651367        4.12626780E+10
  0.52999997138977051        5.56707103E+10
  0.54000002145767212       -3.83705948E+10
  0.55000001192092896        6.85924925E+10
  0.56000000238418579       -3.58890250E+10
  0.56999999284744263       -6.22082171E+10
  0.57999998331069946        3.31643310E+10
  0.58999997377395630       -3.50506639E+10
  0.60000002384185791       -3.11931208E+10
  0.61000001430511475       -2.10403369E+10
  0.62000000476837158       -2.91968512E+10
  0.62999999523162842       -5.57821952E+10
  0.63999998569488525       -2.73999053E+10
  0.64999997615814209       -5.11282012E+10
  0.66000002622604370        2.57376870E+10
  0.67000001668930054        4.04937073E+10
  0.68000000715255737       -2.43219538E+10
  0.68999999761581421        4.67189187E+10
  0.69999998807907104        2.28791050E+10
  0.70999997854232788       -1.43727462E+09
  0.72000002861022949       -2.17309942E+10
  0.73000001907348633        6.25764096E+09
  0.74000000953674316       -2.05890888E+10
  0.75000000000000000        3.61373983E+10
  0.75999999046325684       -1.95016581E+10
  0.76999998092651367       -3.72743414E+10
  0.77999997138977051        1.83884124E+10
  0.79000002145767212       -1.36060969E+10
  0.80000001192092896        1.75732531E+10
  0.81000000238418579        2.44071885E+09
  0.81999999284744263        1.67110820E+10
  0.82999998331069946       -1.87053732E+10
  0.83999997377395630       -1.60417935E+10
  0.85000002384185791       -9.53261466E+09
  0.86000001430511475        1.52192932E+10
  0.87000000476837158       -1.04331581E+10
  0.87999999523162842        1.45200548E+10
  0.88999998569488525        1.54524805E+10
  0.89999997615814209       -1.39304776E+10
  0.91000002622604370       -2.44093071E+10
  0.92000001668930054        1.32889887E+10
  0.93000000715255737       -3.75680307E+09
  0.93999999761581421        1.26752143E+10
  0.94999998807907104       -2.19185664E+10
  0.95999997854232788        1.21831485E+10
  0.97000002861022949       -2.18564895E+10
  0.98000001907348633        1.17263667E+10
  0.99000000953674316       -1.57742889E+10
   1.0000000000000000        1.12706488E+10
