  0.75000000000000000        1.7382660650983118E-003   6.0311984927753745E-004
   1.2500000000000000        5.4807509757857174E-003   1.7212635767902848E-003
   1.7500000000000000        6.9672678924075637E-003   1.4297824293001639E-003
   2.2500000000000000        7.8861480785211678E-003   1.4533461591613621E-003
   2.7500000000000000        8.6820015272888809E-003   1.6877608269903882E-003
   3.2500000000000000        9.8104928253897779E-003   1.3915001206655381E-003
   3.7500000000000000        1.0267418653216625E-002   1.2368368600944189E-003
   4.2500000000000000        1.0197479841762037E-002   7.5852506449701528E-004
   4.7500000000000000        1.0767613508380383E-002   6.7182077023497330E-004
   5.2500000000000000        1.2351667542350149E-002   5.3309910422121595E-004
   5.7500000000000000        1.2545636492167155E-002   5.6707422258835821E-004
   6.2500000000000000        1.1510809220302523E-002   4.9657705195504844E-004
   6.7500000000000000        1.1651061447357875E-002   6.8882343745238766E-004
   7.2500000000000000        1.2001038801310090E-002   6.3276500360964143E-004
   7.7500000000000000        1.2629019406170942E-002   6.0726652897438477E-004
   8.2500000000000000        1.3383922397608682E-002   6.6970110073060840E-004
   8.7500000000000000        1.3484505619566991E-002   5.8596495284721434E-004
   9.2500000000000000        1.2960849980170584E-002   7.2625073612623615E-004
   9.7500000000000000        1.2684704800317697E-002   5.9864407805606710E-004
   10.250000000000000        1.2883712238043927E-002   4.6840633564362275E-004
   10.750000000000000        1.3123281047602985E-002   3.5916635427379889E-004
   11.250000000000000        1.3171216807281148E-002   2.9691889011927426E-004
   11.750000000000000        1.3494098675123524E-002   3.4359660013688192E-004
   12.250000000000000        1.3744879262437367E-002   3.7043004982764043E-004
   12.750000000000000        1.3655250487468330E-002   3.6028096978863003E-004
   13.250000000000000        1.3591191562077219E-002   2.1396177180911489E-004
   13.750000000000000        1.3173797054654506E-002   2.4494859485256080E-004
   14.250000000000000        1.3319845033803263E-002   2.6808711777720154E-004
   14.750000000000000        1.3262475877239307E-002   4.5430630308497983E-004
   15.250000000000000        1.3775570035334826E-002   4.7933825234130768E-004
   15.750000000000000        1.3613718141333190E-002   3.6960507892541054E-004
   16.250000000000000        1.3561479084849557E-002   2.7768791796625681E-004
   16.750000000000000        1.3287822422698690E-002   1.8320252492806468E-004
   17.250000000000000        1.3331532855128638E-002   2.3463215796618728E-004
   17.750000000000000        1.3322358861646507E-002   3.3068508174257429E-004
   18.250000000000000        1.3512500399629503E-002   4.3845287728827234E-004
   18.750000000000000        1.3481251730876423E-002   4.5405925501733595E-004
   19.250000000000000        1.3389733210509069E-002   3.3332492211660803E-004
   19.750000000000000        1.3288815094472646E-002   2.5001862351938257E-004
   20.250000000000000        1.3174399581486800E-002   2.5204593559275578E-004
   20.750000000000000        1.3054188636157912E-002   2.0673756339212275E-004
   21.250000000000000        1.3094380655562178E-002   1.8063598063077237E-004
   21.750000000000000        1.3187305160144908E-002   1.8467668579342231E-004
   22.250000000000000        1.3142289759353302E-002   2.1604619746779080E-004
   22.750000000000000        1.2921290200946138E-002   2.4001546709273003E-004
   23.250000000000000        1.2896998750415492E-002   1.9403358683409800E-004
   23.750000000000000        1.3074264390862324E-002   1.2454283651187596E-004
   24.250000000000000        1.2969146333165035E-002   1.3371987912329101E-004
   24.750000000000000        1.2989337217814824E-002   1.5558697760667794E-004
   25.250000000000000        1.2935416076624623E-002   1.8594970052539611E-004
   25.750000000000000        1.2871117662835850E-002   3.0108299137934102E-004
   26.250000000000000        1.2772514072446350E-002   3.4641099461723483E-004
   26.750000000000000        1.2730118882877185E-002   2.9210729856216018E-004
   27.250000000000000        1.2672077427926752E-002   1.6572880028055655E-004
   27.750000000000000        1.3029215647955145E-002   1.4008702848136346E-004
   28.250000000000000        1.3166233472791109E-002   2.5143518076679129E-004
   28.750000000000000        1.3346286697873770E-002   2.5903197962069593E-004
   29.250000000000000        1.3392749554813597E-002   1.8405328774377355E-004
   29.750000000000000        1.3456976858656320E-002   1.2020463649866643E-004
   30.250000000000000        1.3510113204693509E-002   1.7000274495174665E-004
   30.750000000000000        1.3712658742629185E-002   2.2149638848361540E-004
   31.250000000000000        1.3676999214656453E-002   1.6239217539792698E-004
   31.750000000000000        1.3677725618486935E-002   1.7887001025091400E-004
   32.250000000000000        1.3623178177801544E-002   1.7613625481582236E-004
   32.750000000000000        1.3640639643083416E-002   1.3691250198517781E-004
   33.250000000000000        1.3690890367538571E-002   1.1635074950164782E-004
   33.750000000000000        1.3672515012071595E-002   9.6403281912293631E-005
   34.250000000000000        1.3693110366220913E-002   1.1462684015050573E-004
   34.750000000000000        1.3621492817184225E-002   9.2670253116411964E-005
   35.250000000000000        1.3671735203470248E-002   9.9774798173632098E-005
   35.750000000000000        1.3705406806303925E-002   1.0090795894751439E-004
   36.250000000000000        1.3549191170373290E-002   1.7326968619277156E-004
   36.750000000000000        1.3563681965453196E-002   1.7965181507204880E-004
   37.250000000000000        1.3463430168890487E-002   1.6152588637674361E-004
   37.750000000000000        1.3416596442766543E-002   1.3916274187457950E-004
   38.250000000000000        1.3555056630561066E-002   1.3001932035211578E-004
   38.750000000000000        1.3627126385808831E-002   1.3612554621742002E-004
   39.250000000000000        1.3569658768844273E-002   1.2120473058542102E-004
   39.750000000000000        1.3551211564895511E-002   9.2731881565063357E-005
   40.250000000000000        1.3542936176752399E-002   9.8066915839949592E-005
   40.750000000000000        1.3472605461825056E-002   1.0061463777662381E-004
   41.250000000000000        1.3395143766081710E-002   1.0373530046192987E-004
   41.750000000000000        1.3342858564801887E-002   1.3257857445465811E-004
   42.250000000000000        1.3255385017072498E-002   7.5953969227200759E-005
   42.750000000000000        1.3191255982120302E-002   9.2690393007247563E-005
   43.250000000000000        1.3113674831943785E-002   6.9908543282721147E-005
   43.750000000000000        1.3041078434601203E-002   7.3533036628940023E-005
   44.250000000000000        1.2975066125430529E-002   8.3764931623641790E-005
   44.750000000000000        1.3036683515118858E-002   8.6061255438102190E-005
   45.250000000000000        1.3139031377395374E-002   9.1021575501435550E-005
   45.750000000000000        1.3165103597305588E-002   8.1116160557429453E-005
   46.250000000000000        1.3261404316226544E-002   9.9557993643000815E-005
   46.750000000000000        1.3270129080871234E-002   9.1005420480759613E-005
   47.250000000000000        1.3296756923689430E-002   1.1607096864918218E-004
   47.750000000000000        1.3367726437448609E-002   1.3321921901128398E-004
   48.250000000000000        1.3334883904041740E-002   1.5505280561565091E-004
   48.750000000000000        1.3270446271075771E-002   1.0282392475462346E-004
   49.250000000000000        1.3277406006174273E-002   1.9355509489602475E-004
   49.750000000000000        1.3327272323740464E-002   1.2261949325241680E-004
   50.250000000000000        1.3068044371101350E-002   8.8827257022850562E-005

  0.75000000000000000        0.0000000000000000        0.0000000000000000     
   1.2500000000000000        0.0000000000000000        0.0000000000000000     
   1.7500000000000000        5.3682531433309547E-004   1.7027080468250876E-004
   2.2500000000000000        3.8447657812048022E-003   6.5289308032676801E-004
